<?xml version="1.0" encoding="UTF-8"?>
<testsuite name="com.pwpik.CheeseTest" tests="1" skipped="0" failures="0" errors="0" timestamp="2016-04-22T08:54:57" hostname="Misiek-Komputer" time="0.327">
  <properties/>
  <testcase name="h2_data_correctness" classname="com.pwpik.CheeseTest" time="0.327"/>
  <system-out><![CDATA[10:54:50.247 [Test worker] DEBUG o.s.t.c.j.SpringJUnit4ClassRunner - SpringJUnit4ClassRunner constructor called with [class com.pwpik.CheeseTest]
10:54:50.278 [Test worker] DEBUG o.s.test.context.BootstrapUtils - Instantiating CacheAwareContextLoaderDelegate from class [org.springframework.test.context.cache.DefaultCacheAwareContextLoaderDelegate]
10:54:50.293 [Test worker] DEBUG o.s.test.context.BootstrapUtils - Instantiating BootstrapContext using constructor [public org.springframework.test.context.support.DefaultBootstrapContext(java.lang.Class,org.springframework.test.context.CacheAwareContextLoaderDelegate)]
10:54:50.293 [Test worker] DEBUG o.s.test.context.BootstrapUtils - Instantiating TestContextBootstrapper for test class [com.pwpik.CheeseTest] from class [org.springframework.test.context.support.DefaultTestContextBootstrapper]
10:54:50.356 [Test worker] DEBUG o.s.t.c.s.DefaultTestContextBootstrapper - Found explicit ContextLoader class [org.springframework.boot.test.SpringApplicationContextLoader] for context configuration attributes [ContextConfigurationAttributes@74f04f25 declaringClass = 'com.pwpik.CheeseTest', classes = '{class com.pwpik.Application}', locations = '{}', inheritLocations = true, initializers = '{}', inheritInitializers = true, name = [null], contextLoaderClass = 'org.springframework.boot.test.SpringApplicationContextLoader']
10:54:50.371 [Test worker] DEBUG o.s.t.c.s.AbstractContextLoader - Did not detect default resource location for test class [com.pwpik.CheeseTest]: class path resource [com/pwpik/CheeseTest-context.xml] does not exist
10:54:50.371 [Test worker] DEBUG o.s.t.c.s.AbstractContextLoader - Did not detect default resource location for test class [com.pwpik.CheeseTest]: class path resource [com/pwpik/CheeseTestContext.groovy] does not exist
10:54:50.371 [Test worker] INFO  o.s.t.c.s.AbstractContextLoader - Could not detect default resource locations for test class [com.pwpik.CheeseTest]: no resource found for suffixes {-context.xml, Context.groovy}.
10:54:50.371 [Test worker] DEBUG o.s.t.c.support.ActiveProfilesUtils - Could not find an 'annotation declaring class' for annotation type [org.springframework.test.context.ActiveProfiles] and class [com.pwpik.CheeseTest]
10:54:50.371 [Test worker] DEBUG o.s.t.c.s.DefaultTestContextBootstrapper - @TestExecutionListeners is not present for class [com.pwpik.CheeseTest]: using defaults.
10:54:50.387 [Test worker] INFO  o.s.t.c.s.DefaultTestContextBootstrapper - Loaded default TestExecutionListener class names from location [META-INF/spring.factories]: [org.springframework.test.context.web.ServletTestExecutionListener, org.springframework.test.context.support.DirtiesContextBeforeModesTestExecutionListener, org.springframework.test.context.support.DependencyInjectionTestExecutionListener, org.springframework.test.context.support.DirtiesContextTestExecutionListener, org.springframework.test.context.transaction.TransactionalTestExecutionListener, org.springframework.test.context.jdbc.SqlScriptsTestExecutionListener]
10:54:50.449 [Test worker] INFO  o.s.t.c.s.DefaultTestContextBootstrapper - Using TestExecutionListeners: [org.springframework.test.context.web.ServletTestExecutionListener@6f40acbe, org.springframework.test.context.support.DirtiesContextBeforeModesTestExecutionListener@4aba54d9, org.springframework.test.context.support.DependencyInjectionTestExecutionListener@28a953e6, org.springframework.test.context.support.DirtiesContextTestExecutionListener@5464ccc5, org.springframework.test.context.transaction.TransactionalTestExecutionListener@3eabbfab, org.springframework.test.context.jdbc.SqlScriptsTestExecutionListener@26af283b]
10:54:50.449 [Test worker] DEBUG o.s.t.annotation.ProfileValueUtils - Retrieved @ProfileValueSourceConfiguration [null] for test class [com.pwpik.CheeseTest]
10:54:50.449 [Test worker] DEBUG o.s.t.annotation.ProfileValueUtils - Retrieved ProfileValueSource type [class org.springframework.test.annotation.SystemProfileValueSource] for class [com.pwpik.CheeseTest]
10:54:50.449 [Test worker] DEBUG o.s.t.annotation.ProfileValueUtils - Retrieved @ProfileValueSourceConfiguration [null] for test class [com.pwpik.CheeseTest]
10:54:50.449 [Test worker] DEBUG o.s.t.annotation.ProfileValueUtils - Retrieved ProfileValueSource type [class org.springframework.test.annotation.SystemProfileValueSource] for class [com.pwpik.CheeseTest]
10:54:50.449 [Test worker] DEBUG o.s.t.c.s.AbstractDirtiesContextTestExecutionListener - Before test class: context [DefaultTestContext@3fe72373 testClass = CheeseTest, testInstance = [null], testMethod = [null], testException = [null], mergedContextConfiguration = [MergedContextConfiguration@1106bc9 testClass = CheeseTest, locations = '{}', classes = '{class com.pwpik.Application}', contextInitializerClasses = '[]', activeProfiles = '{}', propertySourceLocations = '{}', propertySourceProperties = '{}', contextLoader = 'org.springframework.boot.test.SpringApplicationContextLoader', parent = [null]]], class annotated with @DirtiesContext [false] with mode [null].
10:54:50.449 [Test worker] DEBUG o.s.t.annotation.ProfileValueUtils - Retrieved @ProfileValueSourceConfiguration [null] for test class [com.pwpik.CheeseTest]
10:54:50.449 [Test worker] DEBUG o.s.t.annotation.ProfileValueUtils - Retrieved ProfileValueSource type [class org.springframework.test.annotation.SystemProfileValueSource] for class [com.pwpik.CheeseTest]
10:54:50.465 [Test worker] DEBUG o.s.t.c.s.DependencyInjectionTestExecutionListener - Performing dependency injection for test context [[DefaultTestContext@3fe72373 testClass = CheeseTest, testInstance = com.pwpik.CheeseTest@4d3dd765, testMethod = [null], testException = [null], mergedContextConfiguration = [MergedContextConfiguration@1106bc9 testClass = CheeseTest, locations = '{}', classes = '{class com.pwpik.Application}', contextInitializerClasses = '[]', activeProfiles = '{}', propertySourceLocations = '{}', propertySourceProperties = '{}', contextLoader = 'org.springframework.boot.test.SpringApplicationContextLoader', parent = [null]]]].
10:54:50.590 [Test worker] DEBUG o.s.core.env.StandardEnvironment - Adding [systemProperties] PropertySource with lowest search precedence
10:54:50.605 [Test worker] DEBUG o.s.core.env.StandardEnvironment - Adding [systemEnvironment] PropertySource with lowest search precedence
10:54:50.605 [Test worker] DEBUG o.s.core.env.StandardEnvironment - Initialized StandardEnvironment with PropertySources [systemProperties,systemEnvironment]
10:54:50.605 [Test worker] DEBUG o.s.core.env.StandardEnvironment - Adding [integrationTest] PropertySource with search precedence immediately lower than [systemEnvironment]

  .   ____          _            __ _ _
 /\\ / ___'_ __ _ _(_)_ __  __ _ \ \ \ \
( ( )\___ | '_ | '_| | '_ \/ _` | \ \ \ \
 \\/  ___)| |_)| | | | | || (_| |  ) ) ) )
  '  |____| .__|_| |_|_| |_\__, | / / / /
 =========|_|==============|___/=/_/_/_/
 :: Spring Boot ::        (v1.3.3.RELEASE)

2016-04-22 10:54:51.463  INFO 3644 --- [    Test worker] com.pwpik.CheeseTest                     : Starting CheeseTest on Misiek-Komputer with PID 3644 (C:\Users\Misiek\Git\spring_fun\build\classes\test started by Misiek in C:\Users\Misiek\Git\spring_fun)
2016-04-22 10:54:51.463  INFO 3644 --- [    Test worker] com.pwpik.CheeseTest                     : No active profile set, falling back to default profiles: default
2016-04-22 10:54:51.635  INFO 3644 --- [    Test worker] s.c.a.AnnotationConfigApplicationContext : Refreshing org.springframework.context.annotation.AnnotationConfigApplicationContext@ba563b: startup date [Fri Apr 22 10:54:51 CEST 2016]; root of context hierarchy
2016-04-22 10:54:54.677  INFO 3644 --- [    Test worker] o.s.jdbc.datasource.init.ScriptUtils     : Executing SQL script from URL [file:/C:/Users/Misiek/Git/spring_fun/build/resources/test/schema.sql]
2016-04-22 10:54:54.693  INFO 3644 --- [    Test worker] o.s.jdbc.datasource.init.ScriptUtils     : Executed SQL script from URL [file:/C:/Users/Misiek/Git/spring_fun/build/resources/test/schema.sql] in 16 ms.
2016-04-22 10:54:54.708  INFO 3644 --- [    Test worker] o.s.jdbc.datasource.init.ScriptUtils     : Executing SQL script from URL [file:/C:/Users/Misiek/Git/spring_fun/build/resources/test/data.sql]
2016-04-22 10:54:54.708  INFO 3644 --- [    Test worker] o.s.jdbc.datasource.init.ScriptUtils     : Executed SQL script from URL [file:/C:/Users/Misiek/Git/spring_fun/build/resources/test/data.sql] in 0 ms.
2016-04-22 10:54:54.880  INFO 3644 --- [    Test worker] j.LocalContainerEntityManagerFactoryBean : Building JPA container EntityManagerFactory for persistence unit 'default'
2016-04-22 10:54:54.927  INFO 3644 --- [    Test worker] o.hibernate.jpa.internal.util.LogHelper  : HHH000204: Processing PersistenceUnitInfo [
	name: default
	...]
2016-04-22 10:54:55.098  INFO 3644 --- [    Test worker] org.hibernate.Version                    : HHH000412: Hibernate Core {4.3.11.Final}
2016-04-22 10:54:55.098  INFO 3644 --- [    Test worker] org.hibernate.cfg.Environment            : HHH000206: hibernate.properties not found
2016-04-22 10:54:55.098  INFO 3644 --- [    Test worker] org.hibernate.cfg.Environment            : HHH000021: Bytecode provider name : javassist
2016-04-22 10:54:55.488  INFO 3644 --- [    Test worker] o.hibernate.annotations.common.Version   : HCANN000001: Hibernate Commons Annotations {4.0.5.Final}
2016-04-22 10:54:55.660  INFO 3644 --- [    Test worker] org.hibernate.dialect.Dialect            : HHH000400: Using dialect: org.hibernate.dialect.H2Dialect
2016-04-22 10:54:55.878  INFO 3644 --- [    Test worker] o.h.h.i.ast.ASTQueryTranslatorFactory    : HHH000397: Using ASTQueryTranslatorFactory
2016-04-22 10:54:56.455  INFO 3644 --- [    Test worker] org.hibernate.tool.hbm2ddl.SchemaUpdate  : HHH000228: Running hbm2ddl schema update
2016-04-22 10:54:56.455  INFO 3644 --- [    Test worker] org.hibernate.tool.hbm2ddl.SchemaUpdate  : HHH000102: Fetching database metadata
2016-04-22 10:54:56.471  INFO 3644 --- [    Test worker] org.hibernate.tool.hbm2ddl.SchemaUpdate  : HHH000396: Updating schema
2016-04-22 10:54:56.487  INFO 3644 --- [    Test worker] o.hibernate.tool.hbm2ddl.TableMetadata   : HHH000261: Table found: CHIPANDDALE.PUBLIC.CHEESES
2016-04-22 10:54:56.487  INFO 3644 --- [    Test worker] o.hibernate.tool.hbm2ddl.TableMetadata   : HHH000037: Columns: [name, id]
2016-04-22 10:54:56.487  INFO 3644 --- [    Test worker] o.hibernate.tool.hbm2ddl.TableMetadata   : HHH000108: Foreign keys: []
2016-04-22 10:54:56.487  INFO 3644 --- [    Test worker] o.hibernate.tool.hbm2ddl.TableMetadata   : HHH000126: Indexes: [primary_key_5]
2016-04-22 10:54:56.487  INFO 3644 --- [    Test worker] org.hibernate.tool.hbm2ddl.SchemaUpdate  : HHH000232: Schema update complete
2016-04-22 10:54:57.579  INFO 3644 --- [    Test worker] com.pwpik.CheeseTest                     : Started CheeseTest in 6.942 seconds (JVM running for 9.096)
]]></system-out>
  <system-err><![CDATA[]]></system-err>
</testsuite>
