<?xml version="1.0" encoding="UTF-8"?>
<testsuite name="com.pwpik.CheeseTest" tests="1" skipped="0" failures="0" errors="0" timestamp="2016-04-22T01:22:27" hostname="Misiek-Komputer" time="0.319">
  <properties/>
  <testcase name="cheese_name" classname="com.pwpik.CheeseTest" time="0.319"/>
  <system-out><![CDATA[03:22:18.963 [Test worker] DEBUG o.s.t.c.j.SpringJUnit4ClassRunner - SpringJUnit4ClassRunner constructor called with [class com.pwpik.CheeseTest]
03:22:18.981 [Test worker] DEBUG o.s.test.context.BootstrapUtils - Instantiating CacheAwareContextLoaderDelegate from class [org.springframework.test.context.cache.DefaultCacheAwareContextLoaderDelegate]
03:22:18.987 [Test worker] DEBUG o.s.test.context.BootstrapUtils - Instantiating BootstrapContext using constructor [public org.springframework.test.context.support.DefaultBootstrapContext(java.lang.Class,org.springframework.test.context.CacheAwareContextLoaderDelegate)]
03:22:19.000 [Test worker] DEBUG o.s.test.context.BootstrapUtils - Instantiating TestContextBootstrapper for test class [com.pwpik.CheeseTest] from class [org.springframework.test.context.support.DefaultTestContextBootstrapper]
03:22:19.031 [Test worker] DEBUG o.s.t.c.s.DefaultTestContextBootstrapper - Found explicit ContextLoader class [org.springframework.boot.test.SpringApplicationContextLoader] for context configuration attributes [ContextConfigurationAttributes@729fc200 declaringClass = 'com.pwpik.CheeseTest', classes = '{class com.pwpik.Application}', locations = '{}', inheritLocations = true, initializers = '{}', inheritInitializers = true, name = [null], contextLoaderClass = 'org.springframework.boot.test.SpringApplicationContextLoader']
03:22:19.043 [Test worker] DEBUG o.s.t.c.s.AbstractContextLoader - Did not detect default resource location for test class [com.pwpik.CheeseTest]: class path resource [com/pwpik/CheeseTest-context.xml] does not exist
03:22:19.044 [Test worker] DEBUG o.s.t.c.s.AbstractContextLoader - Did not detect default resource location for test class [com.pwpik.CheeseTest]: class path resource [com/pwpik/CheeseTestContext.groovy] does not exist
03:22:19.044 [Test worker] INFO  o.s.t.c.s.AbstractContextLoader - Could not detect default resource locations for test class [com.pwpik.CheeseTest]: no resource found for suffixes {-context.xml, Context.groovy}.
03:22:19.048 [Test worker] DEBUG o.s.t.c.support.ActiveProfilesUtils - Could not find an 'annotation declaring class' for annotation type [org.springframework.test.context.ActiveProfiles] and class [com.pwpik.CheeseTest]
03:22:19.055 [Test worker] DEBUG o.s.t.c.s.DefaultTestContextBootstrapper - @TestExecutionListeners is not present for class [com.pwpik.CheeseTest]: using defaults.
03:22:19.065 [Test worker] INFO  o.s.t.c.s.DefaultTestContextBootstrapper - Loaded default TestExecutionListener class names from location [META-INF/spring.factories]: [org.springframework.test.context.web.ServletTestExecutionListener, org.springframework.test.context.support.DirtiesContextBeforeModesTestExecutionListener, org.springframework.test.context.support.DependencyInjectionTestExecutionListener, org.springframework.test.context.support.DirtiesContextTestExecutionListener, org.springframework.test.context.transaction.TransactionalTestExecutionListener, org.springframework.test.context.jdbc.SqlScriptsTestExecutionListener]
03:22:19.112 [Test worker] INFO  o.s.t.c.s.DefaultTestContextBootstrapper - Using TestExecutionListeners: [org.springframework.test.context.web.ServletTestExecutionListener@d3f7167, org.springframework.test.context.support.DirtiesContextBeforeModesTestExecutionListener@5077f4, org.springframework.test.context.support.DependencyInjectionTestExecutionListener@6976d416, org.springframework.test.context.support.DirtiesContextTestExecutionListener@f44ed44, org.springframework.test.context.transaction.TransactionalTestExecutionListener@79060182, org.springframework.test.context.jdbc.SqlScriptsTestExecutionListener@7aea3681]
03:22:19.119 [Test worker] DEBUG o.s.t.annotation.ProfileValueUtils - Retrieved @ProfileValueSourceConfiguration [null] for test class [com.pwpik.CheeseTest]
03:22:19.120 [Test worker] DEBUG o.s.t.annotation.ProfileValueUtils - Retrieved ProfileValueSource type [class org.springframework.test.annotation.SystemProfileValueSource] for class [com.pwpik.CheeseTest]
03:22:19.122 [Test worker] DEBUG o.s.t.annotation.ProfileValueUtils - Retrieved @ProfileValueSourceConfiguration [null] for test class [com.pwpik.CheeseTest]
03:22:19.123 [Test worker] DEBUG o.s.t.annotation.ProfileValueUtils - Retrieved ProfileValueSource type [class org.springframework.test.annotation.SystemProfileValueSource] for class [com.pwpik.CheeseTest]
03:22:19.128 [Test worker] DEBUG o.s.t.c.s.AbstractDirtiesContextTestExecutionListener - Before test class: context [DefaultTestContext@60f76b6a testClass = CheeseTest, testInstance = [null], testMethod = [null], testException = [null], mergedContextConfiguration = [MergedContextConfiguration@344d3567 testClass = CheeseTest, locations = '{}', classes = '{class com.pwpik.Application}', contextInitializerClasses = '[]', activeProfiles = '{}', propertySourceLocations = '{}', propertySourceProperties = '{}', contextLoader = 'org.springframework.boot.test.SpringApplicationContextLoader', parent = [null]]], class annotated with @DirtiesContext [false] with mode [null].
03:22:19.129 [Test worker] DEBUG o.s.t.annotation.ProfileValueUtils - Retrieved @ProfileValueSourceConfiguration [null] for test class [com.pwpik.CheeseTest]
03:22:19.130 [Test worker] DEBUG o.s.t.annotation.ProfileValueUtils - Retrieved ProfileValueSource type [class org.springframework.test.annotation.SystemProfileValueSource] for class [com.pwpik.CheeseTest]
03:22:19.133 [Test worker] DEBUG o.s.t.c.s.DependencyInjectionTestExecutionListener - Performing dependency injection for test context [[DefaultTestContext@60f76b6a testClass = CheeseTest, testInstance = com.pwpik.CheeseTest@e33b826, testMethod = [null], testException = [null], mergedContextConfiguration = [MergedContextConfiguration@344d3567 testClass = CheeseTest, locations = '{}', classes = '{class com.pwpik.Application}', contextInitializerClasses = '[]', activeProfiles = '{}', propertySourceLocations = '{}', propertySourceProperties = '{}', contextLoader = 'org.springframework.boot.test.SpringApplicationContextLoader', parent = [null]]]].
03:22:19.336 [Test worker] DEBUG o.s.core.env.StandardEnvironment - Adding [systemProperties] PropertySource with lowest search precedence
03:22:19.338 [Test worker] DEBUG o.s.core.env.StandardEnvironment - Adding [systemEnvironment] PropertySource with lowest search precedence
03:22:19.339 [Test worker] DEBUG o.s.core.env.StandardEnvironment - Initialized StandardEnvironment with PropertySources [systemProperties,systemEnvironment]
03:22:19.341 [Test worker] DEBUG o.s.core.env.StandardEnvironment - Adding [integrationTest] PropertySource with search precedence immediately lower than [systemEnvironment]

  .   ____          _            __ _ _
 /\\ / ___'_ __ _ _(_)_ __  __ _ \ \ \ \
( ( )\___ | '_ | '_| | '_ \/ _` | \ \ \ \
 \\/  ___)| |_)| | | | | || (_| |  ) ) ) )
  '  |____| .__|_| |_|_| |_\__, | / / / /
 =========|_|==============|___/=/_/_/_/
 :: Spring Boot ::        (v1.3.3.RELEASE)

2016-04-22 03:22:21.310  INFO 6168 --- [    Test worker] com.pwpik.CheeseTest                     : Starting CheeseTest on Misiek-Komputer with PID 6168 (C:\Users\Misiek\Git\spring_fun\build\classes\test started by Misiek in C:\Users\Misiek\Git\spring_fun)
2016-04-22 03:22:21.310  INFO 6168 --- [    Test worker] com.pwpik.CheeseTest                     : No active profile set, falling back to default profiles: default
2016-04-22 03:22:21.375  INFO 6168 --- [    Test worker] s.c.a.AnnotationConfigApplicationContext : Refreshing org.springframework.context.annotation.AnnotationConfigApplicationContext@3a42ced: startup date [Fri Apr 22 03:22:21 CEST 2016]; root of context hierarchy
2016-04-22 03:22:25.204  INFO 6168 --- [    Test worker] o.s.jdbc.datasource.init.ScriptUtils     : Executing SQL script from URL [file:/C:/Users/Misiek/Git/spring_fun/build/resources/test/schema.sql]
2016-04-22 03:22:25.224  INFO 6168 --- [    Test worker] o.s.jdbc.datasource.init.ScriptUtils     : Executed SQL script from URL [file:/C:/Users/Misiek/Git/spring_fun/build/resources/test/schema.sql] in 19 ms.
2016-04-22 03:22:25.230  INFO 6168 --- [    Test worker] o.s.jdbc.datasource.init.ScriptUtils     : Executing SQL script from URL [file:/C:/Users/Misiek/Git/spring_fun/build/resources/test/data.sql]
2016-04-22 03:22:25.235  INFO 6168 --- [    Test worker] o.s.jdbc.datasource.init.ScriptUtils     : Executed SQL script from URL [file:/C:/Users/Misiek/Git/spring_fun/build/resources/test/data.sql] in 5 ms.
2016-04-22 03:22:25.405  INFO 6168 --- [    Test worker] j.LocalContainerEntityManagerFactoryBean : Building JPA container EntityManagerFactory for persistence unit 'default'
2016-04-22 03:22:25.448  INFO 6168 --- [    Test worker] o.hibernate.jpa.internal.util.LogHelper  : HHH000204: Processing PersistenceUnitInfo [
	name: default
	...]
2016-04-22 03:22:25.588  INFO 6168 --- [    Test worker] org.hibernate.Version                    : HHH000412: Hibernate Core {4.3.11.Final}
2016-04-22 03:22:25.592  INFO 6168 --- [    Test worker] org.hibernate.cfg.Environment            : HHH000206: hibernate.properties not found
2016-04-22 03:22:25.595  INFO 6168 --- [    Test worker] org.hibernate.cfg.Environment            : HHH000021: Bytecode provider name : javassist
2016-04-22 03:22:25.896  INFO 6168 --- [    Test worker] o.hibernate.annotations.common.Version   : HCANN000001: Hibernate Commons Annotations {4.0.5.Final}
2016-04-22 03:22:26.073  INFO 6168 --- [    Test worker] org.hibernate.dialect.Dialect            : HHH000400: Using dialect: org.hibernate.dialect.H2Dialect
2016-04-22 03:22:26.252  INFO 6168 --- [    Test worker] o.h.h.i.ast.ASTQueryTranslatorFactory    : HHH000397: Using ASTQueryTranslatorFactory
2016-04-22 03:22:26.841  INFO 6168 --- [    Test worker] org.hibernate.tool.hbm2ddl.SchemaUpdate  : HHH000228: Running hbm2ddl schema update
2016-04-22 03:22:26.842  INFO 6168 --- [    Test worker] org.hibernate.tool.hbm2ddl.SchemaUpdate  : HHH000102: Fetching database metadata
2016-04-22 03:22:26.845  INFO 6168 --- [    Test worker] org.hibernate.tool.hbm2ddl.SchemaUpdate  : HHH000396: Updating schema
2016-04-22 03:22:26.864  INFO 6168 --- [    Test worker] o.hibernate.tool.hbm2ddl.TableMetadata   : HHH000261: Table found: CHIPANDDALE.PUBLIC.CHEESES
2016-04-22 03:22:26.864  INFO 6168 --- [    Test worker] o.hibernate.tool.hbm2ddl.TableMetadata   : HHH000037: Columns: [name, id]
2016-04-22 03:22:26.864  INFO 6168 --- [    Test worker] o.hibernate.tool.hbm2ddl.TableMetadata   : HHH000108: Foreign keys: []
2016-04-22 03:22:26.865  INFO 6168 --- [    Test worker] o.hibernate.tool.hbm2ddl.TableMetadata   : HHH000126: Indexes: [primary_key_5]
2016-04-22 03:22:26.866  INFO 6168 --- [    Test worker] org.hibernate.tool.hbm2ddl.SchemaUpdate  : HHH000232: Schema update complete
2016-04-22 03:22:27.798  INFO 6168 --- [    Test worker] com.pwpik.CheeseTest                     : Started CheeseTest in 8.453 seconds (JVM running for 11.007)
]]></system-out>
  <system-err><![CDATA[]]></system-err>
</testsuite>
